#
# There is insufficient memory for the Java Runtime Environment to continue.
# Native memory allocation (malloc) failed to allocate 590896 bytes for Chunk::new
# Possible reasons:
#   The system is out of physical RAM or swap space
#   The process is running with CompressedOops enabled, and the Java Heap may be blocking the growth of the native heap
# Possible solutions:
#   Reduce memory load on the system
#   Increase physical memory or swap space
#   Check if swap backing store is full
#   Decrease Java heap size (-Xmx/-Xms)
#   Decrease number of Java threads
#   Decrease Java thread stack sizes (-Xss)
#   Set larger code cache with -XX:ReservedCodeCacheSize=
#   JVM is running with Zero Based Compressed Oops mode in which the Java heap is
#     placed in the first 32GB address space. The Java Heap base address is the
#     maximum limit for the native heap growth. Please use -XX:HeapBaseMinAddress
#     to set the Java Heap base and to place the Java Heap above 32GB virtual address.
# This output file may be truncated or incomplete.
#
#  Out of Memory Error (arena.cpp:184), pid=46700, tid=54188
#
# JRE version: OpenJDK Runtime Environment (19.0+36) (build 19+36-2238)
# Java VM: OpenJDK 64-Bit Server VM (19+36-2238, mixed mode, sharing, tiered, compressed oops, compressed class ptrs, g1 gc, windows-amd64)
# No core dump will be written. Minidumps are not enabled by default on client versions of Windows
#

---------------  S U M M A R Y ------------

Command Line: -javaagent:C:\Program Files\JetBrains\IntelliJ IDEA Community Edition 2022.2.3\lib\idea_rt.jar=56261:C:\Program Files\JetBrains\IntelliJ IDEA Community Edition 2022.2.3\bin -Dfile.encoding=UTF-8 -Dsun.stdout.encoding=UTF-8 -Dsun.stderr.encoding=UTF-8 com.microservice.peliculas.MicroservicePeliculasApplication

Host: Intel(R) Core(TM) i7-1065G7 CPU @ 1.30GHz, 8 cores, 11G,  Windows 10 , 64 bit Build 19041 (10.0.19041.3636)
Time: Mon Jun 24 01:30:36 2024 Hora est. Pacífico, Sudamérica elapsed time: 672.615092 seconds (0d 0h 11m 12s)

---------------  T H R E A D  ---------------

Current thread (0x0000024d6fcbbef0):  JavaThread "C2 CompilerThread0" daemon [_thread_in_native, id=54188, stack(0x000000b0caf00000,0x000000b0cb000000)]


Current CompileTask:
C2: 672615 7620   !   4       java.util.zip.InflaterInputStream::read (119 bytes)

Stack: [0x000000b0caf00000,0x000000b0cb000000]
Native frames: (J=compiled Java code, j=interpreted, Vv=VM code, C=native code)
V  [jvm.dll+0x6ee8fa]
V  [jvm.dll+0x857a1e]
V  [jvm.dll+0x85940e]
V  [jvm.dll+0x859ac3]
V  [jvm.dll+0x28291f]
V  [jvm.dll+0xc9b5f]
V  [jvm.dll+0xc9ee5]
V  [jvm.dll+0x3bcb72]
V  [jvm.dll+0x1ee12a]
V  [jvm.dll+0x24c41b]
V  [jvm.dll+0x24b671]
V  [jvm.dll+0x1d6d61]
V  [jvm.dll+0x25b0fa]
V  [jvm.dll+0x259588]
V  [jvm.dll+0x807928]
V  [jvm.dll+0x8015fa]
V  [jvm.dll+0x6ed5eb]
C  [ucrtbase.dll+0x21bb2]
C  [KERNEL32.DLL+0x17344]
C  [ntdll.dll+0x526b1]


---------------  P R O C E S S  ---------------

Threads class SMR info:
_java_thread_list=0x0000024d782a0740, length=39, elements={
0x0000024d6fcb19b0, 0x0000024d6fcb27a0, 0x0000024d6fcb3f90, 0x0000024d6fcb5ed0,
0x0000024d6fcb8810, 0x0000024d6fcbb290, 0x0000024d6fcbbef0, 0x0000024d6fcc8440,
0x0000024d6fcce390, 0x0000024d6fccfe20, 0x0000024d6fccf8d0, 0x0000024d6fccde40,
0x0000024d6fcce8e0, 0x0000024d6fccee30, 0x0000024d6fccf380, 0x0000024d6fcd08c0,
0x0000024d78e2fae0, 0x0000024d78e2f040, 0x0000024d78e2e5a0, 0x0000024d78e2eaf0,
0x0000024d7775e990, 0x0000024d77760970, 0x0000024d77764930, 0x0000024d777653d0,
0x0000024d7775eee0, 0x0000024d77760ec0, 0x0000024d77764e80, 0x0000024d77762400,
0x0000024d77760420, 0x0000024d7775fed0, 0x0000024d77765920, 0x0000024d77761960,
0x0000024d777643e0, 0x0000024d77762ea0, 0x0000024d7775def0, 0x0000024d77761410,
0x0000024d77761eb0, 0x0000024d77762950, 0x0000024d77763940
}

Java Threads: ( => current thread )
  0x0000024d6fcb19b0 JavaThread "Reference Handler" daemon [_thread_blocked, id=7260, stack(0x000000b0ca900000,0x000000b0caa00000)]
  0x0000024d6fcb27a0 JavaThread "Finalizer" daemon [_thread_blocked, id=39288, stack(0x000000b0caa00000,0x000000b0cab00000)]
  0x0000024d6fcb3f90 JavaThread "Signal Dispatcher" daemon [_thread_blocked, id=46436, stack(0x000000b0cab00000,0x000000b0cac00000)]
  0x0000024d6fcb5ed0 JavaThread "Attach Listener" daemon [_thread_blocked, id=18664, stack(0x000000b0cac00000,0x000000b0cad00000)]
  0x0000024d6fcb8810 JavaThread "Service Thread" daemon [_thread_blocked, id=32676, stack(0x000000b0cad00000,0x000000b0cae00000)]
  0x0000024d6fcbb290 JavaThread "Monitor Deflation Thread" daemon [_thread_blocked, id=10848, stack(0x000000b0cae00000,0x000000b0caf00000)]
=>0x0000024d6fcbbef0 JavaThread "C2 CompilerThread0" daemon [_thread_in_native, id=54188, stack(0x000000b0caf00000,0x000000b0cb000000)]
  0x0000024d6fcc8440 JavaThread "C1 CompilerThread0" daemon [_thread_in_vm, id=19616, stack(0x000000b0cb000000,0x000000b0cb100000)]
  0x0000024d6fcce390 JavaThread "Sweeper thread" daemon [_thread_blocked, id=7188, stack(0x000000b0cb100000,0x000000b0cb200000)]
  0x0000024d6fccfe20 JavaThread "Common-Cleaner" daemon [_thread_blocked, id=26124, stack(0x000000b0cb200000,0x000000b0cb300000)]
  0x0000024d6fccf8d0 JavaThread "Monitor Ctrl-Break" daemon [_thread_in_native, id=46380, stack(0x000000b0cb400000,0x000000b0cb500000)]
  0x0000024d6fccde40 JavaThread "Notification Thread" daemon [_thread_blocked, id=54908, stack(0x000000b0cb500000,0x000000b0cb600000)]
  0x0000024d6fcce8e0 JavaThread "Catalina-utility-1" [_thread_blocked, id=26960, stack(0x000000b0cc100000,0x000000b0cc200000)]
  0x0000024d6fccee30 JavaThread "Catalina-utility-2" [_thread_blocked, id=15392, stack(0x000000b0cc300000,0x000000b0cc400000)]
  0x0000024d6fccf380 JavaThread "container-0" [_thread_blocked, id=1804, stack(0x000000b0cc400000,0x000000b0cc500000)]
  0x0000024d6fcd08c0 JavaThread "spring.cloud.inetutils" daemon [_thread_blocked, id=23272, stack(0x000000b0cc500000,0x000000b0cc600000)]
  0x0000024d78e2fae0 JavaThread "mssql-jdbc-shared-timer-core-0" daemon [_thread_blocked, id=40912, stack(0x000000b0cc600000,0x000000b0cc700000)]
  0x0000024d78e2f040 JavaThread "HikariPool-1 housekeeper" daemon [_thread_blocked, id=1160, stack(0x000000b0cc700000,0x000000b0cc800000)]
  0x0000024d78e2e5a0 JavaThread "AsyncResolver-bootstrap-0" daemon [_thread_blocked, id=54288, stack(0x000000b0cc900000,0x000000b0cca00000)]
  0x0000024d78e2eaf0 JavaThread "idle-connection-evictor-1" daemon [_thread_blocked, id=30272, stack(0x000000b0cca00000,0x000000b0ccb00000)]
  0x0000024d7775e990 JavaThread "DiscoveryClient-0" daemon [_thread_blocked, id=18536, stack(0x000000b0ccb00000,0x000000b0ccc00000)]
  0x0000024d77760970 JavaThread "DiscoveryClient-1" daemon [_thread_blocked, id=53256, stack(0x000000b0ccc00000,0x000000b0ccd00000)]
  0x0000024d77764930 JavaThread "DiscoveryClient-InstanceInfoReplicator-0" daemon [_thread_blocked, id=10816, stack(0x000000b0ccd00000,0x000000b0cce00000)]
  0x0000024d777653d0 JavaThread "http-nio-8090-exec-1" daemon [_thread_blocked, id=13844, stack(0x000000b0cce00000,0x000000b0ccf00000)]
  0x0000024d7775eee0 JavaThread "http-nio-8090-exec-2" daemon [_thread_blocked, id=52896, stack(0x000000b0ccf00000,0x000000b0cd000000)]
  0x0000024d77760ec0 JavaThread "http-nio-8090-exec-3" daemon [_thread_blocked, id=53316, stack(0x000000b0cd000000,0x000000b0cd100000)]
  0x0000024d77764e80 JavaThread "http-nio-8090-exec-4" daemon [_thread_blocked, id=51792, stack(0x000000b0cd100000,0x000000b0cd200000)]
  0x0000024d77762400 JavaThread "http-nio-8090-exec-5" daemon [_thread_blocked, id=33152, stack(0x000000b0cd200000,0x000000b0cd300000)]
  0x0000024d77760420 JavaThread "http-nio-8090-exec-6" daemon [_thread_blocked, id=53756, stack(0x000000b0cd300000,0x000000b0cd400000)]
  0x0000024d7775fed0 JavaThread "http-nio-8090-exec-7" daemon [_thread_blocked, id=45224, stack(0x000000b0cd400000,0x000000b0cd500000)]
  0x0000024d77765920 JavaThread "http-nio-8090-exec-8" daemon [_thread_blocked, id=51528, stack(0x000000b0cd500000,0x000000b0cd600000)]
  0x0000024d77761960 JavaThread "http-nio-8090-exec-9" daemon [_thread_blocked, id=9116, stack(0x000000b0cd600000,0x000000b0cd700000)]
  0x0000024d777643e0 JavaThread "http-nio-8090-exec-10" daemon [_thread_blocked, id=31156, stack(0x000000b0cd700000,0x000000b0cd800000)]
  0x0000024d77762ea0 JavaThread "http-nio-8090-Poller" daemon [_thread_in_native, id=50160, stack(0x000000b0cd800000,0x000000b0cd900000)]
  0x0000024d7775def0 JavaThread "http-nio-8090-Acceptor" daemon [_thread_in_native, id=53196, stack(0x000000b0cd900000,0x000000b0cda00000)]
  0x0000024d77761410 JavaThread "DestroyJavaVM" [_thread_blocked, id=13192, stack(0x000000b0ca200000,0x000000b0ca300000)]
  0x0000024d77761eb0 JavaThread "DiscoveryClient-HeartbeatExecutor-0" daemon [_thread_blocked, id=39232, stack(0x000000b0cc800000,0x000000b0cc900000)]
  0x0000024d77762950 JavaThread "DiscoveryClient-CacheRefreshExecutor-0" daemon [_thread_in_vm, id=42704, stack(0x000000b0cda00000,0x000000b0cdb00000)]
  0x0000024d77763940 JavaThread "AsyncResolver-bootstrap-executor-0" daemon [_thread_blocked, id=14480, stack(0x000000b0ca000000,0x000000b0ca100000)]

Other Threads:
  0x0000024d6fc9a700 VMThread "VM Thread" [stack: 0x000000b0ca800000,0x000000b0ca900000] [id=43472]
  0x0000024d74341210 WatcherThread "VM Periodic Task Thread" [stack: 0x000000b0cb600000,0x000000b0cb700000] [id=40896]
  0x0000024d4d0f3c40 WorkerThread "GC Thread#0" [stack: 0x000000b0ca300000,0x000000b0ca400000] [id=34460]
  0x0000024d74ccd5c0 WorkerThread "GC Thread#1" [stack: 0x000000b0cb800000,0x000000b0cb900000] [id=3156]
  0x0000024d74a9ea20 WorkerThread "GC Thread#2" [stack: 0x000000b0cb900000,0x000000b0cba00000] [id=29788]
  0x0000024d74878620 WorkerThread "GC Thread#3" [stack: 0x000000b0cba00000,0x000000b0cbb00000] [id=3688]
  0x0000024d74b39e10 WorkerThread "GC Thread#4" [stack: 0x000000b0cbb00000,0x000000b0cbc00000] [id=1416]
  0x0000024d74e20d00 WorkerThread "GC Thread#5" [stack: 0x000000b0cbc00000,0x000000b0cbd00000] [id=41356]
  0x0000024d74e20490 WorkerThread "GC Thread#6" [stack: 0x000000b0cbd00000,0x000000b0cbe00000] [id=13332]
  0x0000024d74e1f0e0 WorkerThread "GC Thread#7" [stack: 0x000000b0cbe00000,0x000000b0cbf00000] [id=17608]
  0x0000024d4d1020f0 ConcurrentGCThread "G1 Main Marker" [stack: 0x000000b0ca400000,0x000000b0ca500000] [id=14424]
  0x0000024d4d102a30 WorkerThread "G1 Conc#0" [stack: 0x000000b0ca500000,0x000000b0ca600000] [id=50040]
  0x0000024d74e1fef0 WorkerThread "G1 Conc#1" [stack: 0x000000b0cc200000,0x000000b0cc300000] [id=38452]
  0x0000024d4d14e540 ConcurrentGCThread "G1 Refine#0" [stack: 0x000000b0ca600000,0x000000b0ca700000] [id=53784]
  0x0000024d6fb530d0 ConcurrentGCThread "G1 Service" [stack: 0x000000b0ca700000,0x000000b0ca800000] [id=43656]

Threads with active compile tasks:
C2 CompilerThread0   672668 7620   !   4       java.util.zip.InflaterInputStream::read (119 bytes)
C1 CompilerThread0   672668 7642       3       com.fasterxml.jackson.databind.introspect.POJOPropertiesCollector::_addCreatorParam (8 bytes)

VM state: not at safepoint (normal execution)

VM Mutex/Monitor currently owned by a thread:  ([mutex/lock_event])
[0x0000024d4d094000] MethodCompileQueue_lock - owner thread: 0x0000024d77762950
[0x0000024d4d096960] CompileTaskAlloc_lock - owner thread: 0x0000024d77762950

Heap address: 0x0000000743800000, size: 3016 MB, Compressed Oops mode: Zero based, Oop shift amount: 3

CDS archive(s) mapped at: [0x0000000800000000-0x0000000800c40000-0x0000000800c40000), size 12845056, SharedBaseAddress: 0x0000000800000000, ArchiveRelocationMode: 0.
Compressed class space mapped at: 0x0000000801000000-0x0000000841000000, reserved size: 1073741824
Narrow klass base: 0x0000000800000000, Narrow klass shift: 0, Narrow klass range: 0x100000000

GC Precious Log:
 CardTable entry size: 512
 Card Set container configuration: InlinePtr #cards 4 size 8 Array Of Cards #cards 8 size 32 Howl #buckets 8 coarsen threshold 3686 Howl Bitmap #cards 512 size 80 coarsen threshold 460 Card regions per heap region 1 cards per card region 4096
 CPUs: 8 total, 8 available
 Memory: 12063M
 Large Page Support: Disabled
 NUMA Support: Disabled
 Compressed Oops: Enabled (Zero based)
 Heap Region Size: 2M
 Heap Min Capacity: 8M
 Heap Initial Capacity: 190M
 Heap Max Capacity: 3016M
 Pre-touch: Disabled
 Parallel Workers: 8
 Concurrent Workers: 2
 Concurrent Refinement Workers: 8
 Periodic GC: Disabled

Heap:
 garbage-first heap   total 122880K, used 41384K [0x0000000743800000, 0x0000000800000000)
  region size 2048K, 6 young (12288K), 3 survivors (6144K)
 Metaspace       used 59914K, committed 60736K, reserved 1114112K
  class space    used 7436K, committed 7808K, reserved 1048576K

Heap Regions: E=young(eden), S=young(survivor), O=old, HS=humongous(starts), HC=humongous(continues), CS=collection set, F=free, OA=open archive, CA=closed archive, TAMS=top-at-mark-start (previous, next)
|   0|0x0000000743800000, 0x0000000743a00000, 0x0000000743a00000|100%| O|  |TAMS 0x0000000743a00000, 0x0000000743800000| Untracked 
|   1|0x0000000743a00000, 0x0000000743c00000, 0x0000000743c00000|100%| O|  |TAMS 0x0000000743c00000, 0x0000000743a00000| Untracked 
|   2|0x0000000743c00000, 0x0000000743e00000, 0x0000000743e00000|100%| O|  |TAMS 0x0000000743e00000, 0x0000000743c00000| Untracked 
|   3|0x0000000743e00000, 0x0000000744000000, 0x0000000744000000|100%| O|  |TAMS 0x0000000744000000, 0x0000000743e00000| Untracked 
|   4|0x0000000744000000, 0x0000000744200000, 0x0000000744200000|100%| O|  |TAMS 0x0000000744200000, 0x0000000744000000| Untracked 
|   5|0x0000000744200000, 0x0000000744400000, 0x0000000744400000|100%| O|  |TAMS 0x0000000744400000, 0x0000000744200000| Untracked 
|   6|0x0000000744400000, 0x0000000744600000, 0x0000000744600000|100%| O|  |TAMS 0x0000000744600000, 0x0000000744400000| Untracked 
|   7|0x0000000744600000, 0x0000000744800000, 0x0000000744800000|100%| O|  |TAMS 0x0000000744800000, 0x0000000744600000| Complete 
|   8|0x0000000744800000, 0x0000000744a00000, 0x0000000744a00000|100%| O|  |TAMS 0x00000007449cb200, 0x0000000744800000| Untracked 
|   9|0x0000000744a00000, 0x0000000744c00000, 0x0000000744c00000|100%| O|  |TAMS 0x0000000744c00000, 0x0000000744a00000| Untracked 
|  10|0x0000000744c00000, 0x0000000744e00000, 0x0000000744e00000|100%| O|  |TAMS 0x0000000744e00000, 0x0000000744c00000| Untracked 
|  11|0x0000000744e00000, 0x0000000745000000, 0x0000000745000000|100%| O|  |TAMS 0x0000000745000000, 0x0000000744e00000| Untracked 
|  12|0x0000000745000000, 0x0000000745200000, 0x0000000745200000|100%| O|  |TAMS 0x0000000745000000, 0x0000000745000000| Untracked 
|  13|0x0000000745200000, 0x0000000745400000, 0x0000000745400000|100%| O|  |TAMS 0x0000000745200000, 0x0000000745200000| Untracked 
|  14|0x0000000745400000, 0x0000000745600000, 0x0000000745600000|100%| O|  |TAMS 0x0000000745400000, 0x0000000745400000| Untracked 
|  15|0x0000000745600000, 0x00000007457ba600, 0x0000000745800000| 86%| O|  |TAMS 0x0000000745600000, 0x0000000745600000| Untracked 
|  16|0x0000000745800000, 0x0000000745800000, 0x0000000745a00000|  0%| F|  |TAMS 0x0000000745800000, 0x0000000745800000| Untracked 
|  17|0x0000000745a00000, 0x0000000745a00000, 0x0000000745c00000|  0%| F|  |TAMS 0x0000000745a00000, 0x0000000745a00000| Untracked 
|  18|0x0000000745c00000, 0x0000000745c00000, 0x0000000745e00000|  0%| F|  |TAMS 0x0000000745c00000, 0x0000000745c00000| Untracked 
|  19|0x0000000745e00000, 0x0000000745e00000, 0x0000000746000000|  0%| F|  |TAMS 0x0000000745e00000, 0x0000000745e00000| Untracked 
|  20|0x0000000746000000, 0x0000000746000000, 0x0000000746200000|  0%| F|  |TAMS 0x0000000746000000, 0x0000000746000000| Untracked 
|  21|0x0000000746200000, 0x0000000746200000, 0x0000000746400000|  0%| F|  |TAMS 0x0000000746200000, 0x0000000746200000| Untracked 
|  22|0x0000000746400000, 0x0000000746400000, 0x0000000746600000|  0%| F|  |TAMS 0x0000000746400000, 0x0000000746400000| Untracked 
|  23|0x0000000746600000, 0x0000000746600000, 0x0000000746800000|  0%| F|  |TAMS 0x0000000746600000, 0x0000000746600000| Untracked 
|  24|0x0000000746800000, 0x0000000746800000, 0x0000000746a00000|  0%| F|  |TAMS 0x0000000746800000, 0x0000000746800000| Untracked 
|  25|0x0000000746a00000, 0x0000000746a00000, 0x0000000746c00000|  0%| F|  |TAMS 0x0000000746a00000, 0x0000000746a00000| Untracked 
|  26|0x0000000746c00000, 0x0000000746c00000, 0x0000000746e00000|  0%| F|  |TAMS 0x0000000746c00000, 0x0000000746c00000| Untracked 
|  27|0x0000000746e00000, 0x0000000746e00000, 0x0000000747000000|  0%| F|  |TAMS 0x0000000746e00000, 0x0000000746e00000| Untracked 
|  28|0x0000000747000000, 0x0000000747000000, 0x0000000747200000|  0%| F|  |TAMS 0x0000000747000000, 0x0000000747000000| Untracked 
|  29|0x0000000747200000, 0x0000000747200000, 0x0000000747400000|  0%| F|  |TAMS 0x0000000747200000, 0x0000000747200000| Untracked 
|  30|0x0000000747400000, 0x0000000747400000, 0x0000000747600000|  0%| F|  |TAMS 0x0000000747400000, 0x0000000747400000| Untracked 
|  31|0x0000000747600000, 0x0000000747600000, 0x0000000747800000|  0%| F|  |TAMS 0x0000000747600000, 0x0000000747600000| Untracked 
|  32|0x0000000747800000, 0x0000000747800000, 0x0000000747a00000|  0%| F|  |TAMS 0x0000000747800000, 0x0000000747800000| Untracked 
|  33|0x0000000747a00000, 0x0000000747a00000, 0x0000000747c00000|  0%| F|  |TAMS 0x0000000747a00000, 0x0000000747a00000| Untracked 
|  34|0x0000000747c00000, 0x0000000747c00000, 0x0000000747e00000|  0%| F|  |TAMS 0x0000000747c00000, 0x0000000747c00000| Untracked 
|  35|0x0000000747e00000, 0x0000000747e00000, 0x0000000748000000|  0%| F|  |TAMS 0x0000000747e00000, 0x0000000747e00000| Untracked 
|  36|0x0000000748000000, 0x0000000748000000, 0x0000000748200000|  0%| F|  |TAMS 0x0000000748000000, 0x0000000748000000| Untracked 
|  37|0x0000000748200000, 0x0000000748200000, 0x0000000748400000|  0%| F|  |TAMS 0x0000000748200000, 0x0000000748200000| Untracked 
|  38|0x0000000748400000, 0x00000007484afc58, 0x0000000748600000| 34%| S|CS|TAMS 0x0000000748400000, 0x0000000748400000| Complete 
|  39|0x0000000748600000, 0x0000000748800000, 0x0000000748800000|100%| S|CS|TAMS 0x0000000748600000, 0x0000000748600000| Complete 
|  40|0x0000000748800000, 0x0000000748a00000, 0x0000000748a00000|100%| S|CS|TAMS 0x0000000748800000, 0x0000000748800000| Complete 
|  41|0x0000000748a00000, 0x0000000748a00000, 0x0000000748c00000|  0%| F|  |TAMS 0x0000000748a00000, 0x0000000748a00000| Untracked 
|  42|0x0000000748c00000, 0x0000000748c00000, 0x0000000748e00000|  0%| F|  |TAMS 0x0000000748c00000, 0x0000000748c00000| Untracked 
|  43|0x0000000748e00000, 0x0000000748e00000, 0x0000000749000000|  0%| F|  |TAMS 0x0000000748e00000, 0x0000000748e00000| Untracked 
|  44|0x0000000749000000, 0x0000000749000000, 0x0000000749200000|  0%| F|  |TAMS 0x0000000749000000, 0x0000000749000000| Untracked 
|  45|0x0000000749200000, 0x0000000749200000, 0x0000000749400000|  0%| F|  |TAMS 0x0000000749200000, 0x0000000749200000| Untracked 
|  46|0x0000000749400000, 0x0000000749400000, 0x0000000749600000|  0%| F|  |TAMS 0x0000000749400000, 0x0000000749400000| Untracked 
|  47|0x0000000749600000, 0x0000000749600000, 0x0000000749800000|  0%| F|  |TAMS 0x0000000749600000, 0x0000000749600000| Untracked 
|  48|0x0000000749800000, 0x0000000749800000, 0x0000000749a00000|  0%| F|  |TAMS 0x0000000749800000, 0x0000000749800000| Untracked 
|  49|0x0000000749a00000, 0x0000000749a00000, 0x0000000749c00000|  0%| F|  |TAMS 0x0000000749a00000, 0x0000000749a00000| Untracked 
|  50|0x0000000749c00000, 0x0000000749c00000, 0x0000000749e00000|  0%| F|  |TAMS 0x0000000749c00000, 0x0000000749c00000| Untracked 
|  51|0x0000000749e00000, 0x0000000749e00000, 0x000000074a000000|  0%| F|  |TAMS 0x0000000749e00000, 0x0000000749e00000| Untracked 
|  52|0x000000074a000000, 0x000000074a000000, 0x000000074a200000|  0%| F|  |TAMS 0x000000074a000000, 0x000000074a000000| Untracked 
|  53|0x000000074a200000, 0x000000074a200000, 0x000000074a400000|  0%| F|  |TAMS 0x000000074a200000, 0x000000074a200000| Untracked 
|  54|0x000000074a400000, 0x000000074a400000, 0x000000074a600000|  0%| F|  |TAMS 0x000000074a400000, 0x000000074a400000| Untracked 
|  68|0x000000074c000000, 0x000000074c000000, 0x000000074c200000|  0%| F|  |TAMS 0x000000074c000000, 0x000000074c000000| Untracked 
|  69|0x000000074c200000, 0x000000074c200000, 0x000000074c400000|  0%| F|  |TAMS 0x000000074c200000, 0x000000074c200000| Untracked 
|  70|0x000000074c400000, 0x000000074c447d08, 0x000000074c600000| 14%| E|  |TAMS 0x000000074c400000, 0x000000074c400000| Complete 
|  93|0x000000074f200000, 0x000000074f400000, 0x000000074f400000|100%| E|CS|TAMS 0x000000074f200000, 0x000000074f200000| Complete 
|  94|0x000000074f400000, 0x000000074f600000, 0x000000074f600000|100%| E|CS|TAMS 0x000000074f400000, 0x000000074f400000| Complete 

Card table byte_map: [0x0000024d66810000,0x0000024d66e00000] _byte_map_base: 0x0000024d62df4000

Marking Bits (Prev, Next): (CMBitMap*) 0x0000024d4d0f51d0, (CMBitMap*) 0x0000024d4d0f5190
 Prev Bits: [0x0000024d6a310000, 0x0000024d6d230000)
 Next Bits: [0x0000024d673f0000, 0x0000024d6a310000)

Polling page: 0x0000024d56790000

Metaspace:

Usage:
  Non-class:     51.25 MB used.
      Class:      7.26 MB used.
       Both:     58.51 MB used.

Virtual space:
  Non-class space:       64.00 MB reserved,      51.69 MB ( 81%) committed,  1 nodes.
      Class space:        1.00 GB reserved,       7.62 MB ( <1%) committed,  1 nodes.
             Both:        1.06 GB reserved,      59.31 MB (  5%) committed. 

Chunk freelists:
   Non-Class:  3.98 MB
       Class:  240.00 KB
        Both:  4.22 MB

MaxMetaspaceSize: unlimited
CompressedClassSpaceSize: 1.00 GB
Initial GC threshold: 21.00 MB
Current GC threshold: 98.44 MB
CDS: on
MetaspaceReclaimPolicy: balanced
 - commit_granule_bytes: 65536.
 - commit_granule_words: 8192.
 - virtual_space_node_default_size: 8388608.
 - enlarge_chunks_in_place: 1.
 - new_chunks_are_fully_committed: 0.
 - uncommit_free_chunks: 1.
 - use_allocation_guard: 0.


Internal statistics:

num_allocs_failed_limit: 9.
num_arena_births: 1162.
num_arena_deaths: 0.
num_vsnodes_births: 2.
num_vsnodes_deaths: 0.
num_space_committed: 949.
num_space_uncommitted: 0.
num_chunks_returned_to_freelist: 9.
num_chunks_taken_from_freelist: 3181.
num_chunk_merges: 9.
num_chunk_splits: 2231.
num_chunks_enlarged: 1706.
num_inconsistent_stats: 0.

CodeHeap 'non-profiled nmethods': size=120000Kb used=4327Kb max_used=4926Kb free=115672Kb
 bounds [0x0000024d5e280000, 0x0000024d5e750000, 0x0000024d657b0000]
CodeHeap 'profiled nmethods': size=120000Kb used=12772Kb max_used=12967Kb free=107227Kb
 bounds [0x0000024d567b0000, 0x0000024d57460000, 0x0000024d5dce0000]
CodeHeap 'non-nmethods': size=5760Kb used=1451Kb max_used=1491Kb free=4308Kb
 bounds [0x0000024d5dce0000, 0x0000024d5df50000, 0x0000024d5e280000]
 total_blobs=7091 nmethods=6407 adapters=594
 compilation: enabled
              stopped_count=0, restarted_count=0
 full_count=0

Compilation events (20 events):
Event: 672.495 Thread 0x0000024d6fcbbef0 nmethod 7614 0x0000024d5e5b5c90 code [0x0000024d5e5b5e20, 0x0000024d5e5b5ef8]
Event: 672.495 Thread 0x0000024d6fcbbef0 7615       4       java.util.AbstractCollection::addAll (42 bytes)
Event: 672.496 Thread 0x0000024d6fcbbef0 nmethod 7615 0x0000024d5e5b5810 code [0x0000024d5e5b59a0, 0x0000024d5e5b5ad8]
Event: 672.499 Thread 0x0000024d6fcc8440 7617       1       com.netflix.servo.tag.BasicTag::getValue (5 bytes)
Event: 672.499 Thread 0x0000024d6fcc8440 nmethod 7617 0x0000024d5e5b5510 code [0x0000024d5e5b56a0, 0x0000024d5e5b5778]
Event: 672.499 Thread 0x0000024d6fcc8440 7618       3       com.google.common.collect.MapMakerInternalMap::hash (14 bytes)
Event: 672.500 Thread 0x0000024d6fcc8440 nmethod 7618 0x0000024d5708d510 code [0x0000024d5708d6e0, 0x0000024d5708d998]
Event: 672.500 Thread 0x0000024d6fcc8440 7619       3       com.google.common.base.Equivalence::hash (12 bytes)
Event: 672.500 Thread 0x0000024d6fcc8440 nmethod 7619 0x0000024d5708d090 code [0x0000024d5708d240, 0x0000024d5708d468]
Event: 672.537 Thread 0x0000024d6fcbbef0 7620   !   4       java.util.zip.InflaterInputStream::read (119 bytes)
Event: 672.576 Thread 0x0000024d6fcc8440 7623       3       java.util.concurrent.atomic.AtomicLong::<init> (10 bytes)
Event: 672.577 Thread 0x0000024d6fcc8440 nmethod 7623 0x0000024d5708cc10 code [0x0000024d5708cdc0, 0x0000024d5708cf98]
Event: 672.577 Thread 0x0000024d6fcc8440 7624       3       com.fasterxml.jackson.databind.module.SimpleSerializers::addSerializer (7 bytes)
Event: 672.578 Thread 0x0000024d6fcc8440 nmethod 7624 0x0000024d5708c810 code [0x0000024d5708c9c0, 0x0000024d5708cb08]
Event: 672.578 Thread 0x0000024d6fcc8440 7625       3       com.fasterxml.jackson.databind.module.SimpleSerializers::_addSerializer (87 bytes)
Event: 672.578 Thread 0x0000024d6fcc8440 nmethod 7625 0x0000024d5689d890 code [0x0000024d5689db00, 0x0000024d5689e688]
Event: 672.578 Thread 0x0000024d6fcc8440 7626       3       com.fasterxml.jackson.databind.DatabindContext::<init> (5 bytes)
Event: 672.579 Thread 0x0000024d6fcc8440 nmethod 7626 0x0000024d5708c410 code [0x0000024d5708c5c0, 0x0000024d5708c718]
Event: 672.603 Thread 0x0000024d6fcc8440 7627       3       com.fasterxml.jackson.annotation.JsonFormat$Value::empty (4 bytes)
Event: 672.603 Thread 0x0000024d6fcc8440 nmethod 7627 0x0000024d5708c110 code [0x0000024d5708c2a0, 0x0000024d5708c398]

GC Heap History (20 events):
Event: 5.267 GC heap before
{Heap before GC invocations=7 (full 0):
 garbage-first heap   total 61440K, used 42035K [0x0000000743800000, 0x0000000800000000)
  region size 2048K, 13 young (26624K), 1 survivors (2048K)
 Metaspace       used 31128K, committed 31552K, reserved 1114112K
  class space    used 3778K, committed 3968K, reserved 1048576K
}
Event: 5.272 GC heap after
{Heap after GC invocations=8 (full 0):
 garbage-first heap   total 61440K, used 19343K [0x0000000743800000, 0x0000000800000000)
  region size 2048K, 2 young (4096K), 2 survivors (4096K)
 Metaspace       used 31128K, committed 31552K, reserved 1114112K
  class space    used 3778K, committed 3968K, reserved 1048576K
}
Event: 6.081 GC heap before
{Heap before GC invocations=8 (full 0):
 garbage-first heap   total 61440K, used 43919K [0x0000000743800000, 0x0000000800000000)
  region size 2048K, 14 young (28672K), 2 survivors (4096K)
 Metaspace       used 35094K, committed 35584K, reserved 1114112K
  class space    used 4381K, committed 4608K, reserved 1048576K
}
Event: 6.089 GC heap after
{Heap after GC invocations=9 (full 0):
 garbage-first heap   total 61440K, used 21525K [0x0000000743800000, 0x0000000800000000)
  region size 2048K, 2 young (4096K), 2 survivors (4096K)
 Metaspace       used 35094K, committed 35584K, reserved 1114112K
  class space    used 4381K, committed 4608K, reserved 1048576K
}
Event: 6.142 GC heap before
{Heap before GC invocations=9 (full 0):
 garbage-first heap   total 61440K, used 21525K [0x0000000743800000, 0x0000000800000000)
  region size 2048K, 3 young (6144K), 2 survivors (4096K)
 Metaspace       used 35618K, committed 36096K, reserved 1114112K
  class space    used 4433K, committed 4672K, reserved 1048576K
}
Event: 6.145 GC heap after
{Heap after GC invocations=10 (full 0):
 garbage-first heap   total 61440K, used 21666K [0x0000000743800000, 0x0000000800000000)
  region size 2048K, 2 young (4096K), 2 survivors (4096K)
 Metaspace       used 35618K, committed 36096K, reserved 1114112K
  class space    used 4433K, committed 4672K, reserved 1048576K
}
Event: 6.647 GC heap before
{Heap before GC invocations=11 (full 0):
 garbage-first heap   total 61440K, used 42146K [0x0000000743800000, 0x0000000800000000)
  region size 2048K, 13 young (26624K), 2 survivors (4096K)
 Metaspace       used 38187K, committed 38720K, reserved 1114112K
  class space    used 4770K, committed 4992K, reserved 1048576K
}
Event: 6.650 GC heap after
{Heap after GC invocations=12 (full 0):
 garbage-first heap   total 61440K, used 23089K [0x0000000743800000, 0x0000000800000000)
  region size 2048K, 1 young (2048K), 1 survivors (2048K)
 Metaspace       used 38187K, committed 38720K, reserved 1114112K
  class space    used 4770K, committed 4992K, reserved 1048576K
}
Event: 6.697 GC heap before
{Heap before GC invocations=12 (full 0):
 garbage-first heap   total 61440K, used 25137K [0x0000000743800000, 0x0000000800000000)
  region size 2048K, 2 young (4096K), 1 survivors (2048K)
 Metaspace       used 39183K, committed 39744K, reserved 1114112K
  class space    used 4865K, committed 5120K, reserved 1048576K
}
Event: 6.702 GC heap after
{Heap after GC invocations=13 (full 0):
 garbage-first heap   total 61440K, used 23168K [0x0000000743800000, 0x0000000800000000)
  region size 2048K, 1 young (2048K), 1 survivors (2048K)
 Metaspace       used 39183K, committed 39744K, reserved 1114112K
  class space    used 4865K, committed 5120K, reserved 1048576K
}
Event: 7.684 GC heap before
{Heap before GC invocations=13 (full 0):
 garbage-first heap   total 61440K, used 43648K [0x0000000743800000, 0x0000000800000000)
  region size 2048K, 12 young (24576K), 1 survivors (2048K)
 Metaspace       used 40710K, committed 41280K, reserved 1114112K
  class space    used 5043K, committed 5312K, reserved 1048576K
}
Event: 7.689 GC heap after
{Heap after GC invocations=14 (full 0):
 garbage-first heap   total 61440K, used 24616K [0x0000000743800000, 0x0000000800000000)
  region size 2048K, 2 young (4096K), 2 survivors (4096K)
 Metaspace       used 40710K, committed 41280K, reserved 1114112K
  class space    used 5043K, committed 5312K, reserved 1048576K
}
Event: 8.077 GC heap before
{Heap before GC invocations=14 (full 0):
 garbage-first heap   total 61440K, used 45096K [0x0000000743800000, 0x0000000800000000)
  region size 2048K, 12 young (24576K), 2 survivors (4096K)
 Metaspace       used 42178K, committed 42816K, reserved 1114112K
  class space    used 5240K, committed 5568K, reserved 1048576K
}
Event: 8.082 GC heap after
{Heap after GC invocations=15 (full 0):
 garbage-first heap   total 61440K, used 26412K [0x0000000743800000, 0x0000000800000000)
  region size 2048K, 1 young (2048K), 1 survivors (2048K)
 Metaspace       used 42178K, committed 42816K, reserved 1114112K
  class space    used 5240K, committed 5568K, reserved 1048576K
}
Event: 8.425 GC heap before
{Heap before GC invocations=15 (full 0):
 garbage-first heap   total 61440K, used 46892K [0x0000000743800000, 0x0000000800000000)
  region size 2048K, 11 young (22528K), 1 survivors (2048K)
 Metaspace       used 43470K, committed 44096K, reserved 1114112K
  class space    used 5419K, committed 5696K, reserved 1048576K
}
Event: 8.428 GC heap after
{Heap after GC invocations=16 (full 0):
 garbage-first heap   total 122880K, used 28052K [0x0000000743800000, 0x0000000800000000)
  region size 2048K, 2 young (4096K), 2 survivors (4096K)
 Metaspace       used 43470K, committed 44096K, reserved 1114112K
  class space    used 5419K, committed 5696K, reserved 1048576K
}
Event: 11.468 GC heap before
{Heap before GC invocations=16 (full 0):
 garbage-first heap   total 122880K, used 89492K [0x0000000743800000, 0x0000000800000000)
  region size 2048K, 33 young (67584K), 2 survivors (4096K)
 Metaspace       used 52501K, committed 53184K, reserved 1114112K
  class space    used 6531K, committed 6848K, reserved 1048576K
}
Event: 11.475 GC heap after
{Heap after GC invocations=17 (full 0):
 garbage-first heap   total 122880K, used 32852K [0x0000000743800000, 0x0000000800000000)
  region size 2048K, 5 young (10240K), 5 survivors (10240K)
 Metaspace       used 52501K, committed 53184K, reserved 1114112K
  class space    used 6531K, committed 6848K, reserved 1048576K
}
Event: 45.406 GC heap before
{Heap before GC invocations=17 (full 0):
 garbage-first heap   total 122880K, used 69716K [0x0000000743800000, 0x0000000800000000)
  region size 2048K, 24 young (49152K), 5 survivors (10240K)
 Metaspace       used 59680K, committed 60416K, reserved 1114112K
  class space    used 7432K, committed 7744K, reserved 1048576K
}
Event: 45.417 GC heap after
{Heap after GC invocations=18 (full 0):
 garbage-first heap   total 122880K, used 37288K [0x0000000743800000, 0x0000000800000000)
  region size 2048K, 3 young (6144K), 3 survivors (6144K)
 Metaspace       used 59680K, committed 60416K, reserved 1114112K
  class space    used 7432K, committed 7744K, reserved 1048576K
}

Dll operation events (14 events):
Event: 0.011 Loaded shared library C:\Users\camil\.jdks\openjdk-19\bin\java.dll
Event: 0.020 Loaded shared library C:\Users\camil\.jdks\openjdk-19\bin\jsvml.dll
Event: 0.150 Loaded shared library C:\Users\camil\.jdks\openjdk-19\bin\zip.dll
Event: 0.152 Loaded shared library C:\Users\camil\.jdks\openjdk-19\bin\instrument.dll
Event: 0.158 Loaded shared library C:\Users\camil\.jdks\openjdk-19\bin\net.dll
Event: 0.163 Loaded shared library C:\Users\camil\.jdks\openjdk-19\bin\nio.dll
Event: 0.167 Loaded shared library C:\Users\camil\.jdks\openjdk-19\bin\zip.dll
Event: 0.314 Loaded shared library C:\Program Files\JetBrains\IntelliJ IDEA Community Edition 2022.2.3\bin\breakgen64.dll
Event: 0.326 Loaded shared library C:\Users\camil\.jdks\openjdk-19\bin\extnet.dll
Event: 0.374 Loaded shared library C:\Users\camil\.jdks\openjdk-19\bin\jimage.dll
Event: 2.751 Loaded shared library C:\Users\camil\.jdks\openjdk-19\bin\sunmscapi.dll
Event: 6.195 Loaded shared library C:\Users\camil\.jdks\openjdk-19\bin\management.dll
Event: 6.198 Loaded shared library C:\Users\camil\.jdks\openjdk-19\bin\management_ext.dll
Event: 11.842 Loaded shared library C:\Users\camil\.jdks\openjdk-19\bin\verify.dll

Deoptimization events (20 events):
Event: 12.913 Thread 0x0000024d4d098d90 DEOPT PACKING pc=0x0000024d5e3bba8c sp=0x000000b0ca2feab0
Event: 12.913 Thread 0x0000024d4d098d90 DEOPT UNPACKING pc=0x0000024d5dd4a5a3 sp=0x000000b0ca2fe9c8 mode 2
Event: 12.913 Thread 0x0000024d4d098d90 Uncommon trap: trap_request=0xffffff45 fr.pc=0x0000024d5e4057b4 relative=0x0000000000000194
Event: 12.913 Thread 0x0000024d4d098d90 Uncommon trap: reason=unstable_if action=reinterpret pc=0x0000024d5e4057b4 method=org.springframework.boot.autoconfigure.condition.ConditionEvaluationReport.lambda$addNoMatchOutcomeToAncestors$2(Ljava/lang/String;Ljava/lang/String;Ljava/lang/String;Lorg/s
Event: 12.913 Thread 0x0000024d4d098d90 DEOPT PACKING pc=0x0000024d5e4057b4 sp=0x000000b0ca2fea10
Event: 12.913 Thread 0x0000024d4d098d90 DEOPT UNPACKING pc=0x0000024d5dd4a5a3 sp=0x000000b0ca2fe9b8 mode 2
Event: 12.934 Thread 0x0000024d4d098d90 DEOPT PACKING pc=0x0000024d569d6223 sp=0x000000b0ca2fd530
Event: 12.934 Thread 0x0000024d4d098d90 DEOPT UNPACKING pc=0x0000024d5dd4b0e3 sp=0x000000b0ca2fc9a0 mode 0
Event: 42.050 Thread 0x0000024d77762950 Uncommon trap: trap_request=0xffffffde fr.pc=0x0000024d5e3814fc relative=0x000000000000187c
Event: 42.050 Thread 0x0000024d77762950 Uncommon trap: reason=class_check action=maybe_recompile pc=0x0000024d5e3814fc method=java.util.zip.InflaterInputStream.read([BII)I @ 68 c2
Event: 42.050 Thread 0x0000024d77762950 DEOPT PACKING pc=0x0000024d5e3814fc sp=0x000000b0cdafe340
Event: 42.050 Thread 0x0000024d77762950 DEOPT UNPACKING pc=0x0000024d5dd4a5a3 sp=0x000000b0cdafe390 mode 2
Event: 42.058 Thread 0x0000024d77762950 Uncommon trap: trap_request=0xffffffde fr.pc=0x0000024d5e3814fc relative=0x000000000000187c
Event: 42.058 Thread 0x0000024d77762950 Uncommon trap: reason=class_check action=maybe_recompile pc=0x0000024d5e3814fc method=java.util.zip.InflaterInputStream.read([BII)I @ 68 c2
Event: 42.058 Thread 0x0000024d77762950 DEOPT PACKING pc=0x0000024d5e3814fc sp=0x000000b0cdafd1c0
Event: 42.058 Thread 0x0000024d77762950 DEOPT UNPACKING pc=0x0000024d5dd4a5a3 sp=0x000000b0cdafd210 mode 2
Event: 72.097 Thread 0x0000024d77762950 Uncommon trap: trap_request=0xffffffde fr.pc=0x0000024d5e3814fc relative=0x000000000000187c
Event: 72.097 Thread 0x0000024d77762950 Uncommon trap: reason=class_check action=maybe_recompile pc=0x0000024d5e3814fc method=java.util.zip.InflaterInputStream.read([BII)I @ 68 c2
Event: 72.097 Thread 0x0000024d77762950 DEOPT PACKING pc=0x0000024d5e3814fc sp=0x000000b0cdafe320
Event: 72.097 Thread 0x0000024d77762950 DEOPT UNPACKING pc=0x0000024d5dd4a5a3 sp=0x000000b0cdafe370 mode 2

Classes loaded (20 events):
Event: 45.239 Loading class java/lang/invoke/ConstantBootstraps
Event: 45.240 Loading class java/lang/invoke/ConstantBootstraps done
Event: 45.320 Loading class sun/nio/cs/ISO_8859_1$Decoder
Event: 45.320 Loading class sun/nio/cs/ISO_8859_1$Decoder done
Event: 45.325 Loading class java/util/concurrent/ArrayBlockingQueue
Event: 45.325 Loading class java/util/concurrent/ArrayBlockingQueue done
Event: 45.325 Loading class java/util/concurrent/ArrayBlockingQueue$Itr
Event: 45.325 Loading class java/util/concurrent/ArrayBlockingQueue$Itr done
Event: 45.362 Loading class java/util/LinkedList$LLSpliterator
Event: 45.363 Loading class java/util/LinkedList$LLSpliterator done
Event: 45.363 Loading class java/util/stream/Nodes$IntFixedNodeBuilder
Event: 45.364 Loading class java/util/stream/Node$Builder$OfInt
Event: 45.364 Loading class java/util/stream/Node$Builder$OfInt done
Event: 45.364 Loading class java/util/stream/Nodes$IntArrayNode
Event: 45.364 Loading class java/util/stream/Nodes$IntArrayNode done
Event: 45.364 Loading class java/util/stream/Nodes$IntFixedNodeBuilder done
Event: 45.419 Loading class java/util/ArrayDeque$DescendingIterator
Event: 45.419 Loading class java/util/ArrayDeque$DescendingIterator done
Event: 222.206 Loading class java/util/concurrent/locks/ReentrantReadWriteLock$Sync$HoldCounter
Event: 222.207 Loading class java/util/concurrent/locks/ReentrantReadWriteLock$Sync$HoldCounter done

Classes unloaded (0 events):
No events

Classes redefined (0 events):
No events

Internal exceptions (20 events):
Event: 11.334 Thread 0x0000024d4d098d90 Exception <a 'java/lang/NoSuchMethodError'{0x00000007477a7058}: 'java.lang.Object java.lang.invoke.DirectMethodHandle$Holder.invokeVirtual(java.lang.Object, java.lang.Object, java.lang.Object, java.lang.Object, java.lang.Object, java.lang.Object, java.lang.Object, java.lang.Object, java.lang.Object)'> (0x00000007477a7058) 
thrown [s\open\src\hotspot\share\interpreter\linkResolver.cpp, line 774]
Event: 11.392 Thread 0x0000024d4d098d90 Exception <a 'java/lang/NoSuchMethodError'{0x0000000747246788}: 'void java.lang.invoke.DirectMethodHandle$Holder.invokeStatic(java.lang.Object, java.lang.Object, double)'> (0x0000000747246788) 
thrown [s\open\src\hotspot\share\interpreter\linkResolver.cpp, line 774]
Event: 11.412 Thread 0x0000024d4d098d90 Exception <a 'java/lang/NoSuchMethodError'{0x00000007472a9930}: 'double java.lang.invoke.DirectMethodHandle$Holder.invokeStatic(java.lang.Object, java.lang.Object, java.lang.Object)'> (0x00000007472a9930) 
thrown [s\open\src\hotspot\share\interpreter\linkResolver.cpp, line 774]
Event: 11.452 Thread 0x0000024d4d098d90 Exception <a 'java/lang/IncompatibleClassChangeError'{0x0000000747399840}: Found class java.lang.Object, but interface was expected> (0x0000000747399840) 
thrown [s\open\src\hotspot\share\interpreter\linkResolver.cpp, line 841]
Event: 11.458 Thread 0x0000024d4d098d90 Exception <a 'java/lang/NoSuchMethodError'{0x00000007473adbe8}: 'java.lang.Object java.lang.invoke.DirectMethodHandle$Holder.invokeSpecial(java.lang.Object, java.lang.Object, int, java.lang.Object, int, java.lang.Object)'> (0x00000007473adbe8) 
thrown [s\open\src\hotspot\share\interpreter\linkResolver.cpp, line 774]
Event: 11.458 Thread 0x0000024d4d098d90 Exception <a 'java/lang/NoSuchMethodError'{0x00000007473b59d0}: 'java.lang.Object java.lang.invoke.DirectMethodHandle$Holder.newInvokeSpecial(java.lang.Object, java.lang.Object, int, java.lang.Object, int)'> (0x00000007473b59d0) 
thrown [s\open\src\hotspot\share\interpreter\linkResolver.cpp, line 774]
Event: 11.459 Thread 0x0000024d4d098d90 Exception <a 'java/lang/NoSuchMethodError'{0x00000007473b9ae8}: 'java.lang.Object java.lang.invoke.DirectMethodHandle$Holder.invokeSpecial(java.lang.Object, java.lang.Object, java.lang.Object, int, java.lang.Object, int)'> (0x00000007473b9ae8) 
thrown [s\open\src\hotspot\share\interpreter\linkResolver.cpp, line 774]
Event: 11.491 Thread 0x0000024d6fccde40 Exception <a 'java/lang/NoSuchMethodError'{0x000000074f422450}: 'long java.lang.invoke.DirectMethodHandle$Holder.invokeStatic(java.lang.Object, java.lang.Object, java.lang.Object)'> (0x000000074f422450) 
thrown [s\open\src\hotspot\share\interpreter\linkResolver.cpp, line 774]
Event: 11.554 Thread 0x0000024d4d098d90 Exception <a 'java/lang/IncompatibleClassChangeError'{0x000000074f31f610}: Found class java.lang.Object, but interface was expected> (0x000000074f31f610) 
thrown [s\open\src\hotspot\share\interpreter\linkResolver.cpp, line 841]
Event: 11.584 Thread 0x0000024d4d098d90 Implicit null exception at 0x0000024d5e40fcb3 to 0x0000024d5e4104f8
Event: 12.120 Thread 0x0000024d77764930 Exception <a 'java/lang/NoSuchMethodError'{0x0000000749272a30}: 'long java.lang.invoke.DelegatingMethodHandle$Holder.reinvoke_L(java.lang.Object, java.lang.Object)'> (0x0000000749272a30) 
thrown [s\open\src\hotspot\share\interpreter\linkResolver.cpp, line 774]
Event: 42.055 Thread 0x0000024d77762950 Exception <a 'java/lang/NoSuchMethodError'{0x00000007493e3b50}: 'long java.lang.invoke.DirectMethodHandle$Holder.invokeStatic(java.lang.Object, java.lang.Object, int)'> (0x00000007493e3b50) 
thrown [s\open\src\hotspot\share\interpreter\linkResolver.cpp, line 774]
Event: 42.056 Thread 0x0000024d77762950 Exception <a 'java/lang/NoSuchMethodError'{0x00000007493ee8f0}: 'java.lang.Object java.lang.invoke.DelegatingMethodHandle$Holder.reinvoke_L(java.lang.Object, int, int, long, java.lang.Object, long, long, long)'> (0x00000007493ee8f0) 
thrown [s\open\src\hotspot\share\interpreter\linkResolver.cpp, line 774]
Event: 42.059 Thread 0x0000024d77762950 Exception <a 'java/lang/NoSuchMethodError'{0x0000000749091240}: 'java.lang.Object java.lang.invoke.DelegatingMethodHandle$Holder.reinvoke_L(java.lang.Object, java.lang.Object, java.lang.Object, java.lang.Object, java.lang.Object, java.lang.Object, java.lang.Object, java.lang.Object, java.lang.Object, java.lang.Object, java.lang.Object, java.lang.Object, java.lang.Object, java.lang.Object, int, java.lang.Object, java.lang.Object, java.lang.Object, java.lang.Object, java.lang.Object, java.lang.Object, java.l
Event: 42.064 Thread 0x0000024d77762950 Exception <a 'java/lang/NoSuchMethodError'{0x00000007490e13d8}: 'java.lang.Object java.lang.invoke.DirectMethodHandle$Holder.invokeStatic(java.lang.Object, java.lang.Object, java.lang.Object, java.lang.Object, java.lang.Object, java.lang.Object, java.lang.Object, java.lang.Object, java.lang.Object, java.lang.Object, java.lang.Object, java.lang.Object, java.lang.Object)'> (0x00000007490e13d8) 
thrown [s\open\src\hotspot\share\interpreter\linkResolver.cpp, line 774]
Event: 42.066 Thread 0x0000024d77762950 Exception <a 'java/lang/NoSuchMethodError'{0x000000074913dd70}: 'java.lang.Object java.lang.invoke.DirectMethodHandle$Holder.invokeStatic(java.lang.Object, java.lang.Object, java.lang.Object, java.lang.Object, java.lang.Object, java.lang.Object, java.lang.Object, java.lang.Object, java.lang.Object, java.lang.Object, java.lang.Object, java.lang.Object, java.lang.Object, java.lang.Object)'> (0x000000074913dd70) 
thrown [s\open\src\hotspot\share\interpreter\linkResolver.cpp, line 774]
Event: 42.067 Thread 0x0000024d77762950 Exception <a 'java/lang/NoSuchMethodError'{0x0000000749153d38}: 'java.lang.Object java.lang.invoke.DelegatingMethodHandle$Holder.reinvoke_L(java.lang.Object, java.lang.Object, java.lang.Object, java.lang.Object, java.lang.Object, java.lang.Object, java.lang.Object, java.lang.Object, java.lang.Object, java.lang.Object, java.lang.Object, java.lang.Object, java.lang.Object, java.lang.Object, java.lang.Object, java.lang.Object, java.lang.Object, java.lang.Object, java.lang.Object, java.lang.Object, java.lang.O
Event: 45.280 Thread 0x0000024d777653d0 Exception <a 'java/lang/NoSuchMethodError'{0x0000000748edae78}: 'java.lang.Object java.lang.invoke.DirectMethodHandle$Holder.invokeSpecial(java.lang.Object, java.lang.Object, java.lang.Object, java.lang.Object, java.lang.Object, long)'> (0x0000000748edae78) 
thrown [s\open\src\hotspot\share\interpreter\linkResolver.cpp, line 774]
Event: 45.280 Thread 0x0000024d777653d0 Exception <a 'java/lang/NoSuchMethodError'{0x0000000748ede978}: 'java.lang.Object java.lang.invoke.Invokers$Holder.linkToTargetMethod(java.lang.Object, java.lang.Object, java.lang.Object, long, java.lang.Object)'> (0x0000000748ede978) 
thrown [s\open\src\hotspot\share\interpreter\linkResolver.cpp, line 774]
Event: 45.389 Thread 0x0000024d777653d0 Exception <a 'java/lang/NoSuchMethodError'{0x0000000748a1ef58}: 'int java.lang.invoke.Invokers$Holder.invokeExact_MT(java.lang.Object, java.lang.Object)'> (0x0000000748a1ef58) 
thrown [s\open\src\hotspot\share\interpreter\linkResolver.cpp, line 774]

VM Operations (20 events):
Event: 313.074 Executing VM operation: Cleanup
Event: 313.075 Executing VM operation: Cleanup done
Event: 342.383 Executing VM operation: Cleanup
Event: 342.383 Executing VM operation: Cleanup done
Event: 433.311 Executing VM operation: Cleanup
Event: 433.311 Executing VM operation: Cleanup done
Event: 462.618 Executing VM operation: Cleanup
Event: 462.618 Executing VM operation: Cleanup done
Event: 493.906 Executing VM operation: Cleanup
Event: 493.906 Executing VM operation: Cleanup done
Event: 523.237 Executing VM operation: Cleanup
Event: 523.237 Executing VM operation: Cleanup done
Event: 552.553 Executing VM operation: Cleanup
Event: 552.553 Executing VM operation: Cleanup done
Event: 582.835 Executing VM operation: Cleanup
Event: 582.835 Executing VM operation: Cleanup done
Event: 643.447 Executing VM operation: Cleanup
Event: 643.447 Executing VM operation: Cleanup done
Event: 657.597 Executing VM operation: Cleanup
Event: 657.597 Executing VM operation: Cleanup done

Events (20 events):
Event: 12.062 Thread 0x0000024d77764e80 Thread added: 0x0000024d77764e80
Event: 12.063 Thread 0x0000024d77762400 Thread added: 0x0000024d77762400
Event: 12.063 Thread 0x0000024d77760420 Thread added: 0x0000024d77760420
Event: 12.063 Thread 0x0000024d7775fed0 Thread added: 0x0000024d7775fed0
Event: 12.063 Thread 0x0000024d77765920 Thread added: 0x0000024d77765920
Event: 12.063 Thread 0x0000024d77761960 Thread added: 0x0000024d77761960
Event: 12.063 Thread 0x0000024d777643e0 Thread added: 0x0000024d777643e0
Event: 12.084 Thread 0x0000024d77762ea0 Thread added: 0x0000024d77762ea0
Event: 12.086 Thread 0x0000024d7775def0 Thread added: 0x0000024d7775def0
Event: 12.897 Thread 0x0000024d77155900 Thread exited: 0x0000024d77155900
Event: 12.952 Thread 0x0000024d4d098d90 Thread exited: 0x0000024d4d098d90
Event: 12.953 Thread 0x0000024d77761410 Thread added: 0x0000024d77761410
Event: 15.474 Thread 0x0000024d78e2e050 Thread exited: 0x0000024d78e2e050
Event: 16.614 Thread 0x0000024d77984ec0 Thread exited: 0x0000024d77984ec0
Event: 42.041 Thread 0x0000024d77761eb0 Thread added: 0x0000024d77761eb0
Event: 42.041 Thread 0x0000024d77762950 Thread added: 0x0000024d77762950
Event: 42.059 Thread 0x0000024d75a0acc0 Thread added: 0x0000024d75a0acc0
Event: 45.104 Thread 0x0000024d75a0acc0 Thread exited: 0x0000024d75a0acc0
Event: 61.895 Thread 0x0000024d6fcd0370 Thread exited: 0x0000024d6fcd0370
Event: 311.695 Thread 0x0000024d77763940 Thread added: 0x0000024d77763940


Dynamic libraries:
0x00007ff765850000 - 0x00007ff76585e000 	C:\Users\camil\.jdks\openjdk-19\bin\java.exe
0x00007ffee9450000 - 0x00007ffee9648000 	C:\WINDOWS\SYSTEM32\ntdll.dll
0x00007ffee7df0000 - 0x00007ffee7ead000 	C:\WINDOWS\System32\KERNEL32.DLL
0x00007ffee6eb0000 - 0x00007ffee71a6000 	C:\WINDOWS\System32\KERNELBASE.dll
0x00007ffee71b0000 - 0x00007ffee72b0000 	C:\WINDOWS\System32\ucrtbase.dll
0x00007ffeb64f0000 - 0x00007ffeb6507000 	C:\Users\camil\.jdks\openjdk-19\bin\jli.dll
0x00007ffeb65e0000 - 0x00007ffeb65fb000 	C:\Users\camil\.jdks\openjdk-19\bin\VCRUNTIME140.dll
0x00007ffee8c80000 - 0x00007ffee8e1f000 	C:\WINDOWS\System32\USER32.dll
0x00007ffee72b0000 - 0x00007ffee72d2000 	C:\WINDOWS\System32\win32u.dll
0x00007ffed2cc0000 - 0x00007ffed2f5a000 	C:\WINDOWS\WinSxS\amd64_microsoft.windows.common-controls_6595b64144ccf1df_6.0.19041.4355_none_60b8b9eb71f62e16\COMCTL32.dll
0x00007ffee9380000 - 0x00007ffee93ab000 	C:\WINDOWS\System32\GDI32.dll
0x00007ffee7d50000 - 0x00007ffee7dee000 	C:\WINDOWS\System32\msvcrt.dll
0x00007ffee7360000 - 0x00007ffee7477000 	C:\WINDOWS\System32\gdi32full.dll
0x00007ffee6e10000 - 0x00007ffee6ead000 	C:\WINDOWS\System32\msvcp_win.dll
0x00007ffee9290000 - 0x00007ffee92c2000 	C:\WINDOWS\System32\IMM32.DLL
0x00007ffedf080000 - 0x00007ffedf08c000 	C:\Users\camil\.jdks\openjdk-19\bin\vcruntime140_1.dll
0x00007ffeb1c90000 - 0x00007ffeb1d1e000 	C:\Users\camil\.jdks\openjdk-19\bin\msvcp140.dll
0x00007ffe6ed50000 - 0x00007ffe6fa10000 	C:\Users\camil\.jdks\openjdk-19\bin\server\jvm.dll
0x00007ffee7480000 - 0x00007ffee7530000 	C:\WINDOWS\System32\ADVAPI32.dll
0x00007ffee7bd0000 - 0x00007ffee7c70000 	C:\WINDOWS\System32\sechost.dll
0x00007ffee8e80000 - 0x00007ffee8fa3000 	C:\WINDOWS\System32\RPCRT4.dll
0x00007ffee72e0000 - 0x00007ffee7307000 	C:\WINDOWS\System32\bcrypt.dll
0x00007ffec41a0000 - 0x00007ffec41c7000 	C:\WINDOWS\SYSTEM32\WINMM.dll
0x00007ffec3470000 - 0x00007ffec3479000 	C:\WINDOWS\SYSTEM32\WSOCK32.dll
0x00007ffee7f70000 - 0x00007ffee7fdb000 	C:\WINDOWS\System32\WS2_32.dll
0x00007ffedcfa0000 - 0x00007ffedcfaa000 	C:\WINDOWS\SYSTEM32\VERSION.dll
0x00007ffee5310000 - 0x00007ffee5322000 	C:\WINDOWS\SYSTEM32\kernel.appcore.dll
0x00007ffed1f10000 - 0x00007ffed1f1a000 	C:\Users\camil\.jdks\openjdk-19\bin\jimage.dll
0x00007ffee1280000 - 0x00007ffee1464000 	C:\WINDOWS\SYSTEM32\DBGHELP.DLL
0x00007ffed2c30000 - 0x00007ffed2c64000 	C:\WINDOWS\SYSTEM32\dbgcore.DLL
0x00007ffee6cd0000 - 0x00007ffee6d52000 	C:\WINDOWS\System32\bcryptPrimitives.dll
0x00007ffebec60000 - 0x00007ffebec6e000 	C:\Users\camil\.jdks\openjdk-19\bin\instrument.dll
0x00007ffeb1b80000 - 0x00007ffeb1ba6000 	C:\Users\camil\.jdks\openjdk-19\bin\java.dll
0x00007ffea2e80000 - 0x00007ffea2f57000 	C:\Users\camil\.jdks\openjdk-19\bin\jsvml.dll
0x00007ffee8470000 - 0x00007ffee8bdb000 	C:\WINDOWS\System32\SHELL32.dll
0x00007ffee4b60000 - 0x00007ffee52fd000 	C:\WINDOWS\SYSTEM32\windows.storage.dll
0x00007ffee8040000 - 0x00007ffee8393000 	C:\WINDOWS\System32\combase.dll
0x00007ffee6450000 - 0x00007ffee647e000 	C:\WINDOWS\SYSTEM32\Wldp.dll
0x00007ffee83a0000 - 0x00007ffee846d000 	C:\WINDOWS\System32\OLEAUT32.dll
0x00007ffee7eb0000 - 0x00007ffee7f5d000 	C:\WINDOWS\System32\SHCORE.dll
0x00007ffee7b50000 - 0x00007ffee7ba5000 	C:\WINDOWS\System32\shlwapi.dll
0x00007ffee6a30000 - 0x00007ffee6a54000 	C:\WINDOWS\SYSTEM32\profapi.dll
0x00007ffeb1c70000 - 0x00007ffeb1c88000 	C:\Users\camil\.jdks\openjdk-19\bin\zip.dll
0x00007ffeb23d0000 - 0x00007ffeb23e3000 	C:\Users\camil\.jdks\openjdk-19\bin\net.dll
0x00007ffeda670000 - 0x00007ffeda77a000 	C:\WINDOWS\SYSTEM32\WINHTTP.dll
0x00007ffee61b0000 - 0x00007ffee621a000 	C:\WINDOWS\system32\mswsock.dll
0x00007ffeb2380000 - 0x00007ffeb2396000 	C:\Users\camil\.jdks\openjdk-19\bin\nio.dll
0x00007ffeb0660000 - 0x00007ffeb067a000 	C:\Program Files\JetBrains\IntelliJ IDEA Community Edition 2022.2.3\bin\breakgen64.dll
0x00007ffeb6ff0000 - 0x00007ffeb6ff8000 	C:\Users\camil\.jdks\openjdk-19\bin\extnet.dll
0x00007ffee5ed0000 - 0x00007ffee5f9b000 	C:\WINDOWS\SYSTEM32\DNSAPI.dll
0x00007ffee5e90000 - 0x00007ffee5ecb000 	C:\WINDOWS\SYSTEM32\IPHLPAPI.DLL
0x00007ffee8be0000 - 0x00007ffee8be8000 	C:\WINDOWS\System32\NSI.dll
0x0000000063b40000 - 0x0000000063b66000 	C:\Program Files\Bonjour\mdnsNSP.dll
0x00007ffed8920000 - 0x00007ffed892a000 	C:\Windows\System32\rasadhlp.dll
0x00007ffed5410000 - 0x00007ffed5490000 	C:\WINDOWS\System32\fwpuclnt.dll
0x00007ffedc350000 - 0x00007ffedc367000 	C:\WINDOWS\SYSTEM32\dhcpcsvc6.DLL
0x00007ffedc2a0000 - 0x00007ffedc2bd000 	C:\WINDOWS\SYSTEM32\dhcpcsvc.DLL
0x00007ffeb65d0000 - 0x00007ffeb65de000 	C:\Users\camil\.jdks\openjdk-19\bin\sunmscapi.dll
0x00007ffee6b70000 - 0x00007ffee6cce000 	C:\WINDOWS\System32\CRYPT32.dll
0x00007ffee64c0000 - 0x00007ffee64e9000 	C:\WINDOWS\SYSTEM32\ncrypt.dll
0x00007ffee6480000 - 0x00007ffee64bb000 	C:\WINDOWS\SYSTEM32\NTASN1.dll
0x00007ffee63b0000 - 0x00007ffee63c8000 	C:\WINDOWS\SYSTEM32\CRYPTSP.dll
0x00007ffee5ad0000 - 0x00007ffee5b04000 	C:\WINDOWS\system32\rsaenh.dll
0x00007ffee69e0000 - 0x00007ffee6a0e000 	C:\WINDOWS\SYSTEM32\USERENV.dll
0x00007ffee63a0000 - 0x00007ffee63ac000 	C:\WINDOWS\SYSTEM32\CRYPTBASE.dll
0x00007ffebe610000 - 0x00007ffebe61a000 	C:\Users\camil\.jdks\openjdk-19\bin\management.dll
0x00007ffeb8bd0000 - 0x00007ffeb8bdb000 	C:\Users\camil\.jdks\openjdk-19\bin\management_ext.dll
0x00007ffee7f60000 - 0x00007ffee7f68000 	C:\WINDOWS\System32\PSAPI.DLL
0x00007ffebc5c0000 - 0x00007ffebc5d7000 	C:\WINDOWS\system32\napinsp.dll
0x00007ffebc5a0000 - 0x00007ffebc5bb000 	C:\WINDOWS\system32\pnrpnsp.dll
0x00007ffebc580000 - 0x00007ffebc595000 	C:\WINDOWS\system32\wshbth.dll
0x00007ffedef40000 - 0x00007ffedef5d000 	C:\WINDOWS\system32\NLAapi.dll
0x00007ffebc520000 - 0x00007ffebc532000 	C:\WINDOWS\System32\winrnr.dll
0x00007ffebebb0000 - 0x00007ffebebc0000 	C:\Users\camil\.jdks\openjdk-19\bin\verify.dll
0x00007ffed56b0000 - 0x00007ffed56b7000 	C:\WINDOWS\system32\wshunix.dll

dbghelp: loaded successfully - version: 4.0.5 - missing functions: none
symbol engine: initialized successfully - sym options: 0x614 - pdb path: .;C:\Users\camil\.jdks\openjdk-19\bin;C:\WINDOWS\SYSTEM32;C:\WINDOWS\WinSxS\amd64_microsoft.windows.common-controls_6595b64144ccf1df_6.0.19041.4355_none_60b8b9eb71f62e16;C:\Users\camil\.jdks\openjdk-19\bin\server;C:\Program Files\JetBrains\IntelliJ IDEA Community Edition 2022.2.3\bin;C:\Program Files\Bonjour

VM Arguments:
jvm_args: -javaagent:C:\Program Files\JetBrains\IntelliJ IDEA Community Edition 2022.2.3\lib\idea_rt.jar=56261:C:\Program Files\JetBrains\IntelliJ IDEA Community Edition 2022.2.3\bin -Dfile.encoding=UTF-8 -Dsun.stdout.encoding=UTF-8 -Dsun.stderr.encoding=UTF-8 
java_command: com.microservice.peliculas.MicroservicePeliculasApplication
java_class_path (initial): C:\Users\camil\Desktop\CICLO - IX\ARQUITECTURA\Cine\ProyectoMicrosCine\microservice-peliculas\target\classes;C:\Users\camil\.m2\repository\org\springframework\boot\spring-boot-starter-actuator\3.2.5\spring-boot-starter-actuator-3.2.5.jar;C:\Users\camil\.m2\repository\org\springframework\boot\spring-boot-starter\3.2.5\spring-boot-starter-3.2.5.jar;C:\Users\camil\.m2\repository\org\springframework\boot\spring-boot\3.2.5\spring-boot-3.2.5.jar;C:\Users\camil\.m2\repository\org\springframework\boot\spring-boot-autoconfigure\3.2.5\spring-boot-autoconfigure-3.2.5.jar;C:\Users\camil\.m2\repository\org\springframework\boot\spring-boot-starter-logging\3.2.5\spring-boot-starter-logging-3.2.5.jar;C:\Users\camil\.m2\repository\ch\qos\logback\logback-classic\1.4.14\logback-classic-1.4.14.jar;C:\Users\camil\.m2\repository\ch\qos\logback\logback-core\1.4.14\logback-core-1.4.14.jar;C:\Users\camil\.m2\repository\org\apache\logging\log4j\log4j-to-slf4j\2.21.1\log4j-to-slf4j-2.21.1.jar;C:\Users\camil\.m2\repository\org\apache\logging\log4j\log4j-api\2.21.1\log4j-api-2.21.1.jar;C:\Users\camil\.m2\repository\org\slf4j\jul-to-slf4j\2.0.13\jul-to-slf4j-2.0.13.jar;C:\Users\camil\.m2\repository\jakarta\annotation\jakarta.annotation-api\2.1.1\jakarta.annotation-api-2.1.1.jar;C:\Users\camil\.m2\repository\org\yaml\snakeyaml\2.2\snakeyaml-2.2.jar;C:\Users\camil\.m2\repository\org\springframework\boot\spring-boot-actuator-autoconfigure\3.2.5\spring-boot-actuator-autoconfigure-3.2.5.jar;C:\Users\camil\.m2\repository\org\springframework\boot\spring-boot-actuator\3.2.5\spring-boot-actuator-3.2.5.jar;C:\Users\camil\.m2\repository\com\fasterxml\jackson\datatype\jackson-datatype-jsr310\2.15.4\jackson-datatype-jsr310-2.15.4.jar;C:\Users\camil\.m2\repository\io\micrometer\micrometer-observation\1.12.5\micrometer-observation-1.12.5.jar;C:\Users\camil\.m2\repository\io\micrometer\micrometer-commons\1.12.5\micrometer-commons-1.12.5.jar;C:\Users\camil\.m2\repository\io\micrometer\micrometer-jakarta9\1.12.5\micrometer-jakarta9-1.12.5.jar;C:\Users\camil\.m2\repository\io\micrometer\micrometer-core\1.12.5\micrometer-core-1.12.5.jar;C:\Users\camil\.m2\repository\org\hdrhistogram\HdrHistogram\2.1.12\HdrHistogram-2.1.12.jar;C:\Users\camil\.m2\repository\org\latencyutils\LatencyUtils\2.0.3\LatencyUtils-2.0.3.jar;C:\Users\camil\.m2\repository\org\springframework\boot\spring-boot-starter-data-jdbc\3.2.5\spring-boot-starter-data-jdbc-3.2.5.jar;C:\Users\camil\.m2\repository\org\springframework\boot\spring-boot-starter-jdbc\3.2.5\spring-boot-starter-jdbc-3.2.5.jar;C:\Users\camil\.m2\repository\com\zaxxer\HikariCP\5.0.1\HikariCP-5.0.1.jar;C:\Users\camil\.m2\repository\org\springframework\spring-jdbc\6.1.6\spring-jdbc-6.1.6.jar;C:\Users\camil\.m2\repository\org\springframework\data\spring-data-jdbc\3.2.5\spring-data-jdbc-3.2.5.jar;C:\Users\camil\.m2\repository\org\springframework\data\spring-data-relational\3.2.5\spring-data-relational-3.2.5.jar;C:\Users\camil\.m2\repository\com\github\jsqlparser\jsqlparser\4.6\jsqlparser-4.6.jar;C:\Users\camil\.m2\repository\org\springframework\data\spring-data-commons\3.2.5\spring-data-commons-3.2.5.jar;C:\Users\camil\.m2\repository\org\springframework\spring-tx\6.1.6\spring-tx-6.1.6.jar;C:\Users\camil\.m2\repository\org\springframework\spring-context\6.1.6\spring-context-6.1.6.jar;C:\Users\camil\.m2\repository\org\springframework\spring-beans\6.1.6\spring-beans-6.1.6.jar;C:\Users\camil\.m2\repository\org\slf4j\slf4j-api\2.0.13\slf4j-api-2.0.13.jar;C:\Users\camil\.m2\repository\org\springframework\boot\spring-boot-starter-web\3.2.5\spring-boot-starter-web-3.2.5.jar;C:\Users\camil\.m2\repository\org\springframework\boot\spring-boot-starter-json\3.2.5\spring-boot-starter-json-3.2.5.jar;C:\Users\camil\.m2\repository\com\fasterxml\jackson\datatype\jackson-datatype-jdk8\2.15.4\jackson-datatype-jdk8-2.15.4.jar;C:\Users\camil\.m2\repository\com\fasterxml\jackson\module\jackson-module-parameter-names\2.15.4\jackson-module-parameter-names-2.15.4.jar;C:\Users\camil\.m2\repository\org\springframework\boot\spring-boot-starter-tomcat\3.2.5\spring-boot-starter-tomcat-3.2.5.jar;C:\Users\camil\.m2\repository\org\apache\tomcat\embed\tomcat-embed-core\10.1.20\tomcat-embed-core-10.1.20.jar;C:\Users\camil\.m2\repository\org\apache\tomcat\embed\tomcat-embed-el\10.1.20\tomcat-embed-el-10.1.20.jar;C:\Users\camil\.m2\repository\org\apache\tomcat\embed\tomcat-embed-websocket\10.1.20\tomcat-embed-websocket-10.1.20.jar;C:\Users\camil\.m2\repository\org\springframework\spring-web\6.1.6\spring-web-6.1.6.jar;C:\Users\camil\.m2\repository\org\springframework\spring-webmvc\6.1.6\spring-webmvc-6.1.6.jar;C:\Users\camil\.m2\repository\org\springframework\spring-aop\6.1.6\spring-aop-6.1.6.jar;C:\Users\camil\.m2\repository\org\springframework\spring-expression\6.1.6\spring-expression-6.1.6.jar;C:\Users\camil\.m2\repository\org\springframework\cloud\spring-cloud-starter-config\4.1.1\spring-cloud-starter-config-4.1.1.jar;C:\Users\camil\.m2\repository\org\springframework\cloud\spring-cloud-starter\4.1.2\spring-cloud-starter-4.1.2.jar;C:\Users\camil\.m2\repository\org\springframework\cloud\spring-cloud-context\4.1.2\spring-cloud-context-4.1.2.jar;C:\Users\camil\.m2\repository\org\springframework\security\spring-security-rsa\1.1.2\spring-security-rsa-1.1.2.jar;C:\Users\camil\.m2\repository\org\bouncycastle\bcprov-jdk18on\1.77\bcprov-jdk18on-1.77.jar;C:\Users\camil\.m2\repository\org\springframework\cloud\spring-cloud-config-client\4.1.1\spring-cloud-config-client-4.1.1.jar;C:\Users\camil\.m2\repository\com\fasterxml\jackson\core\jackson-annotations\2.15.4\jackson-annotations-2.15.4.jar;C:\Users\camil\.m2\repository\org\apache\httpcomponents\client5\httpclient5\5.2.3\httpclient5-5.2.3.jar;C:\Users\camil\.m2\repository\org\apache\httpcomponents\core5\httpcore5\5.2.4\httpcore5-5.2.4.jar;C:\Users\camil\.m2\repository\org\apache\httpcomponents\core5\httpcore5-h2\5.2.4\httpcore5-h2-5.2.4.jar;C:\Users\camil\.m2\repository\com\fasterxml\jackson\core\jackson-databind\2.15.4\jackson-databind-2.15.4.jar;C:\Users\camil\.m2\repository\com\fasterxml\jackson\core\jackson-core\2.15.4\jackson-core-2.15.4.jar;C:\Users\camil\.m2\repository\org\springframework\cloud\spring-cloud-starter-netflix-eureka-client\4.1.1\spring-cloud-starter-netflix-eureka-client-4.1.1.jar;C:\Users\camil\.m2\repository\org\springframework\cloud\spring-cloud-netflix-eureka-client\4.1.1\spring-cloud-netflix-eureka-client-4.1.1.jar;C:\Users\camil\.m2\repository\com\netflix\eureka\eureka-client\2.0.2\eureka-client-2.0.2.jar;C:\Users\camil\.m2\repository\com\netflix\netflix-commons\netflix-eventbus\0.3.0\netflix-eventbus-0.3.0.jar;C:\Users\camil\.m2\repository\com\netflix\netflix-commons\netflix-infix\0.3.0\netflix-infix-0.3.0.jar;C:\Users\camil\.m2\repository\commons-jxpath\commons-jxpath\1.3\commons-jxpath-1.3.jar;C:\Users\camil\.m2\repository\joda-time\joda-time\2.3\joda-time-2.3.jar;C:\Users\camil\.m2\repository\org\antlr\antlr-runtime\3.4\antlr-runtime-3.4.jar;C:\Users\camil\.m2\repository\org\antlr\stringtemplate\3.2.1\stringtemplate-3.2.1.jar;C:\Users\camil\.m2\repository\antlr\antlr\2.7.7\antlr-2.7.7.jar;C:\Users\camil\.m2\repository\com\google\code\gson\gson\2.10.1\gson-2.10.1.jar;C:\Users\camil\.m2\repository\org\apache\commons\commons-math\2.2\commons-math-2.2.jar;C:\Users\camil\.m2\repository\com\thoughtworks\xstream\xstream\1.4.19\xstream-1.4.19.jar;C:\Users\camil\.m2\repository\io\github\x-stream\mxparser\1.2.2\mxparser-1.2.2.jar;C:\Users\camil\.m2\repository\xmlpull\xmlpull\1.1.3.1\xmlpull-1.1.3.1.jar;C:\Users\camil\.m2\repository\jakarta\ws\rs\jakarta.ws.rs-api\3.1.0\jakarta.ws.rs-api-3.1.0.jar;C:\Users\camil\.m2\repository\jakarta\inject\jakarta.inject-api\2.0.1\jakarta.inject-api-2.0.1.jar;C:\Users\camil\.m2\repository\com\netflix\servo\servo-core\0.12.21\servo-core-0.12.21.jar;C:\Users\camil\.m2\repository\com\google\guava\guava\19.0\guava-19.0.jar;C:\Users\camil\.m2\repository\org\apache\httpcomponents\httpclient\4.5.3\httpclient-4.5.3.jar;C:\Users\camil\.m2\repository\org\apache\httpcomponents\httpcore\4.4.16\httpcore-4.4.16.jar;C:\Users\camil\.m2\repository\commons-codec\commons-codec\1.16.1\commons-codec-1.16.1.jar;C:\Users\camil\.m2\repository\commons-configuration\commons-configuration\1.10\commons-configuration-1.10.jar;C:\Users\camil\.m2\repository\commons-lang\commons-lang\2.6\commons-lang-2.6.jar;C:\Users\camil\.m2\repository\org\codehaus\jettison\jettison\1.5.4\jettison-1.5.4.jar;C:\Users\camil\.m2\repository\com\netflix\eureka\eureka-core\2.0.2\eureka-core-2.0.2.jar;C:\Users\camil\.m2\repository\com\fasterxml\woodstox\woodstox-core\6.2.1\woodstox-core-6.2.1.jar;C:\Users\camil\.m2\repository\org\codehaus\woodstox\stax2-api\4.2.1\stax2-api-4.2.1.jar;C:\Users\camil\.m2\repository\org\springframework\cloud\spring-cloud-starter-loadbalancer\4.1.2\spring-cloud-starter-loadbalancer-4.1.2.jar;C:\Users\camil\.m2\repository\org\springframework\cloud\spring-cloud-loadbalancer\4.1.2\spring-cloud-loadbalancer-4.1.2.jar;C:\Users\camil\.m2\repository\io\projectreactor\reactor-core\3.6.5\reactor-core-3.6.5.jar;C:\Users\camil\.m2\repository\org\reactivestreams\reactive-streams\1.0.4\reactive-streams-1.0.4.jar;C:\Users\camil\.m2\repository\io\projectreactor\addons\reactor-extra\3.5.1\reactor-extra-3.5.1.jar;C:\Users\camil\.m2\repository\org\springframework\boot\spring-boot-starter-cache\3.2.5\spring-boot-starter-cache-3.2.5.jar;C:\Users\camil\.m2\repository\org\springframework\spring-context-support\6.1.6\spring-context-support-6.1.6.jar;C:\Users\camil\.m2\repository\com\stoyanr\evictor\1.0.0\evictor-1.0.0.jar;C:\Users\camil\.m2\repository\org\springframework\cloud\spring-cloud-starter-openfeign\4.1.1\spring-cloud-starter-openfeign-4.1.1.jar;C:\Users\camil\.m2\repository\org\springframework\cloud\spring-cloud-openfeign-core\4.1.1\spring-cloud-openfeign-core-4.1.1.jar;C:\Users\camil\.m2\repository\org\springframework\boot\spring-boot-starter-aop\3.2.5\spring-boot-starter-aop-3.2.5.jar;C:\Users\camil\.m2\repository\org\aspectj\aspectjweaver\1.9.22\aspectjweaver-1.9.22.jar;C:\Users\camil\.m2\repository\io\github\openfeign\form\feign-form-spring\3.8.0\feign-form-spring-3.8.0.jar;C:\Users\camil\.m2\repository\io\github\openfeign\form\feign-form\3.8.0\feign-form-3.8.0.jar;C:\Users\camil\.m2\repository\commons-fileupload\commons-fileupload\1.5\commons-fileupload-1.5.jar;C:\Users\camil\.m2\repository\commons-io\commons-io\2.11.0\commons-io-2.11.0.jar;C:\Users\camil\.m2\repository\org\springframework\cloud\spring-cloud-commons\4.1.2\spring-cloud-commons-4.1.2.jar;C:\Users\camil\.m2\repository\org\springframework\security\spring-security-crypto\6.2.4\spring-security-crypto-6.2.4.jar;C:\Users\camil\.m2\repository\io\github\openfeign\feign-core\13.2.1\feign-core-13.2.1.jar;C:\Users\camil\.m2\repository\io\github\openfeign\feign-slf4j\13.2.1\feign-slf4j-13.2.1.jar;C:\Users\camil\.m2\repository\com\microsoft\sqlserver\mssql-jdbc\12.4.2.jre11\mssql-jdbc-12.4.2.jre11.jar;C:\Users\camil\.m2\repository\org\springframework\spring-core\6.1.6\spring-core-6.1.6.jar;C:\Users\camil\.m2\repository\org\springframework\spring-jcl\6.1.6\spring-jcl-6.1.6.jar;C:\Users\camil\.m2\repository\jakarta\validation\jakarta.validation-api\3.0.2\jakarta.validation-api-3.0.2.jar;C:\Users\camil\Desktop\CICLO - IX\ARQUITECTURA\Cine\ProyectoMicrosCine\microservice-cartelera\target\classes;C:\Users\camil\.m2\repository\org\projectlombok\lombok\1.18.32\lombok-1.18.32.jar
Launcher Type: SUN_STANDARD

[Global flags]
     intx CICompilerCount                          = 4                                         {product} {ergonomic}
     uint ConcGCThreads                            = 2                                         {product} {ergonomic}
     uint G1ConcRefinementThreads                  = 8                                         {product} {ergonomic}
   size_t G1HeapRegionSize                         = 2097152                                   {product} {ergonomic}
    uintx GCDrainStackTargetSize                   = 64                                        {product} {ergonomic}
   size_t InitialHeapSize                          = 199229440                                 {product} {ergonomic}
   size_t MarkStackSize                            = 4194304                                   {product} {ergonomic}
   size_t MaxHeapSize                              = 3162505216                                {product} {ergonomic}
   size_t MaxNewSize                               = 1895825408                                {product} {ergonomic}
   size_t MinHeapDeltaBytes                        = 2097152                                   {product} {ergonomic}
   size_t MinHeapSize                              = 8388608                                   {product} {ergonomic}
    uintx NonNMethodCodeHeapSize                   = 5839372                                {pd product} {ergonomic}
    uintx NonProfiledCodeHeapSize                  = 122909434                              {pd product} {ergonomic}
    uintx ProfiledCodeHeapSize                     = 122909434                              {pd product} {ergonomic}
    uintx ReservedCodeCacheSize                    = 251658240                              {pd product} {ergonomic}
     bool SegmentedCodeCache                       = true                                      {product} {ergonomic}
   size_t SoftMaxHeapSize                          = 3162505216                             {manageable} {ergonomic}
     bool UseCompressedClassPointers               = true                           {product lp64_product} {ergonomic}
     bool UseCompressedOops                        = true                           {product lp64_product} {ergonomic}
     bool UseG1GC                                  = true                                      {product} {ergonomic}
     bool UseLargePagesIndividualAllocation        = false                                  {pd product} {ergonomic}

Logging:
Log output configuration:
 #0: stdout all=warning uptime,level,tags foldmultilines=false
 #1: stderr all=off uptime,level,tags foldmultilines=false

Environment Variables:
JAVA_HOME=C:\Program Files\Java\jdk1.8.0_281
PATH=C:\Program Files\Common Files\Oracle\Java\javapath;C:\Program Files (x86)\VMware\VMware Player\bin\;C:\Program Files (x86)\Common Files\Oracle\Java\javapath;C:\WINDOWS\system32;C:\WINDOWS;C:\WINDOWS\System32\Wbem;C:\WINDOWS\System32\WindowsPowerShell\v1.0\;C:\WINDOWS\System32\OpenSSH\;C:\Program Files\Java\jdk1.8.0_281\bin;C:\Program Files\Microsoft SQL Server\Client SDK\ODBC\170\Tools\Binn\;C:\Program Files (x86)\Microsoft SQL Server\150\Tools\Binn\;C:\Program Files\Microsoft SQL Server\150\Tools\Binn\;C:\Program Files\Microsoft SQL Server\150\DTS\Binn\;C:\Program Files (x86)\Microsoft SQL Server\150\DTS\Binn\;C:\Program Files\Azure Data Studio\bin;C:\Program Files\PuTTY\;C:\Program Files\dotnet\;C:\maven\bin;C:\Program Files\Java\jdk1.8.0_281\bin;C:\Program Files\Git\cmd;C:\Program Files\Microsoft SQL Server\130\Tools\Binn\;C:\Program Files\nodejs\;C:\Users\camil\AppData\Local\Programs\Python\Python310\Scripts\;C:\Users\camil\AppData\Local\Programs\Python\Python310\;C:\Users\camil\AppData\Local\Microsoft\WindowsApps;;C:\Program Files\Azure Data Studio\bin;C:\Users\camil\AppData\Local\Programs\Microsoft VS Code\bin;C:\Users\camil\.dotnet\tools;C:\AppServ\Apache24\bin;C:\AppServ\php7;C:\AppServ\MySQL\bin;C:\AppServ\Apache24\bin;C:\AppServ\php7;C:\AppServ\MySQL\bin;C:\AppServ\Apache24\bin;C:\AppServ\php7;C:\AppServ\MySQL\bin;C:\AppServ\Apache24\bin;C:\AppServ\php7;C:\AppServ\MySQL\bin;C:\AppServ\Apache24\bin;C:\AppServ\php7;C:\AppServ\MySQL\bin;C:\Users\camil\AppData\Roaming\npm
USERNAME=camil
OS=Windows_NT
PROCESSOR_IDENTIFIER=Intel64 Family 6 Model 126 Stepping 5, GenuineIntel
TMP=C:\Users\camil\AppData\Local\Temp
TEMP=C:\Users\camil\AppData\Local\Temp



---------------  S Y S T E M  ---------------

OS:
 Windows 10 , 64 bit Build 19041 (10.0.19041.3636)
OS uptime: 13 days 0:13 hours

CPU: total 8 (initial active 8) (4 cores per cpu, 2 threads per core) family 6 model 126 stepping 5 microcode 0x78, cx8, cmov, fxsr, ht, mmx, 3dnowpref, sse, sse2, sse3, ssse3, sse4.1, sse4.2, popcnt, lzcnt, tsc, tscinvbit, avx, avx2, aes, erms, clmul, bmi1, bmi2, adx, avx512f, avx512dq, avx512cd, avx512bw, avx512vl, sha, fma, vzeroupper, avx512_vpopcntdq, avx512_vpclmulqdq, avx512_vaes, avx512_vnni, clflush, clflushopt, avx512_vbmi2, avx512_vbmi, rdtscp, rdpid, fsrm, gfni, avx512_bitalg

Memory: 4k page, system-wide physical 12063M (442M free)
TotalPageFile size 48927M (AvailPageFile size 2M)
current process WorkingSet (physical memory assigned to process): 66M, peak: 329M
current process commit charge ("private bytes"): 317M, peak: 370M

vm_info: OpenJDK 64-Bit Server VM (19+36-2238) for windows-amd64 JRE (19+36-2238), built on 2022-08-12T20:29:01Z by "mach5one" with MS VC++ 17.1 (VS2022)

END.
